<?xml version="1.0" encoding="UTF-8"?>
<!-- Generated by org.testng.reporters.JUnitReportReporter -->
<testsuite hostname="BabliSyamji" failures="0" tests="8" name="Testpckg.Logintest" time="15.452" errors="0" timestamp="2024-05-15T21:45:13 IST" skipped="0">
  <testcase classname="Testpckg.Logintest" name="login" time="11.920"/>
  <testcase classname="Testpckg.Logintest" name="addtocart" time="0.623"/>
  <testcase classname="Testpckg.Logintest" name="cart" time="0.565"/>
  <testcase classname="Testpckg.Logintest" name="checkout" time="0.456"/>
  <testcase classname="Testpckg.Logintest" name="checkoutinformaton" time="0.917"/>
  <testcase classname="Testpckg.Logintest" name="finish" time="0.670"/>
  <testcase classname="Testpckg.Logintest" name="hamberg" time="0.123"/>
  <testcase classname="Testpckg.Logintest" name="logout" time="0.178"/>
</testsuite> <!-- Testpckg.Logintest -->
